[{"line":1,"elements":[{"start_timestamp":"2024-10-13T17:08:28.856Z","line":17,"name":"Successful Login scenario test","description":"","id":"login-check-on-livedemo;successful-login-scenario-test;;2","type":"scenario","keyword":"Scenario Outline","steps":[{"result":{"duration":12332636200,"status":"passed"},"line":11,"name":"given both valid credentials","match":{"location":"stepDefinitions.StepDefinitionForLivedemoLogin.given_both_valid_credentials()"},"keyword":"Given "},{"result":{"error_message":"org.openqa.selenium.NoSuchElementException: no such element: Unable to locate element: {\"method\":\"css selector\",\"selector\":\"#generatedCaptcha\"}\n  (Session info: chrome=129.0.6668.90)\nFor documentation on this error, please visit: https://www.selenium.dev/documentation/webdriver/troubleshooting/errors#no-such-element-exception\nBuild info: version: '4.23.1', revision: '656257d8e9'\nSystem info: os.name: 'Windows 10', os.arch: 'amd64', os.version: '10.0', java.version: '19.0.1'\nDriver info: org.openqa.selenium.chrome.ChromeDriver\nCommand: [12fe2552cf5edfb9853c72af0748f8c3, findElement {value=generatedCaptcha, using=id}]\nCapabilities {acceptInsecureCerts: false, browserName: chrome, browserVersion: 129.0.6668.90, chrome: {chromedriverVersion: 129.0.6668.100 (cf58cba358d..., userDataDir: C:\\Users\\LENOVO\\AppData\\Loc...}, fedcm:accounts: true, goog:chromeOptions: {debuggerAddress: localhost:64063}, networkConnectionEnabled: false, pageLoadStrategy: normal, platformName: windows, proxy: Proxy(), se:cdp: ws://localhost:64063/devtoo..., se:cdpVersion: 129.0.6668.90, setWindowRect: true, strictFileInteractability: false, timeouts: {implicit: 0, pageLoad: 300000, script: 30000}, unhandledPromptBehavior: dismiss and notify, webauthn:extension:credBlob: true, webauthn:extension:largeBlob: true, webauthn:extension:minPinLength: true, webauthn:extension:prf: true, webauthn:virtualAuthenticators: true}\nSession ID: 12fe2552cf5edfb9853c72af0748f8c3\r\n\tat java.base/jdk.internal.reflect.DirectConstructorHandleAccessor.newInstance(DirectConstructorHandleAccessor.java:67)\r\n\tat java.base/java.lang.reflect.Constructor.newInstanceWithCaller(Constructor.java:500)\r\n\tat java.base/java.lang.reflect.Constructor.newInstance(Constructor.java:484)\r\n\tat org.openqa.selenium.remote.ErrorCodec.decode(ErrorCodec.java:167)\r\n\tat org.openqa.selenium.remote.codec.w3c.W3CHttpResponseCodec.decode(W3CHttpResponseCodec.java:138)\r\n\tat org.openqa.selenium.remote.codec.w3c.W3CHttpResponseCodec.decode(W3CHttpResponseCodec.java:50)\r\n\tat org.openqa.selenium.remote.HttpCommandExecutor.execute(HttpCommandExecutor.java:190)\r\n\tat org.openqa.selenium.remote.service.DriverCommandExecutor.invokeExecute(DriverCommandExecutor.java:216)\r\n\tat org.openqa.selenium.remote.service.DriverCommandExecutor.execute(DriverCommandExecutor.java:174)\r\n\tat org.openqa.selenium.remote.RemoteWebDriver.execute(RemoteWebDriver.java:545)\r\n\tat org.openqa.selenium.remote.ElementLocation$ElementFinder$2.findElement(ElementLocation.java:165)\r\n\tat org.openqa.selenium.remote.ElementLocation.findElement(ElementLocation.java:59)\r\n\tat org.openqa.selenium.remote.RemoteWebDriver.findElement(RemoteWebDriver.java:368)\r\n\tat org.openqa.selenium.remote.RemoteWebDriver.findElement(RemoteWebDriver.java:362)\r\n\tat stepDefinitions.StepDefinitionForLivedemoLogin.enters_username_and_password_and_click_submit_button(StepDefinitionForLivedemoLogin.java:31)\r\n\tat ✽.enters \"DEPTUSER002\" and \"Ashraf@12\" and click Submit button(file:///C:/Users/LENOVO/eclipse-workspace2/Cucumber/src/test/resources/Features/ScenarioOutline1.feature:12)\r\n","duration":22409036700,"status":"failed"},"line":12,"name":"enters \"DEPTUSER002\" and \"Ashraf@12\" and click Submit button","match":{"arguments":[{"val":"DEPTUSER002","offset":8},{"val":"Ashraf@12","offset":26}],"location":"stepDefinitions.StepDefinitionForLivedemoLogin.enters_username_and_password_and_click_submit_button(java.lang.String,java.lang.String)"},"keyword":"When "},{"result":{"duration":997000,"status":"skipped"},"line":13,"name":"Open PKI login page","match":{"location":"stepDefinitions.StepDefinitionForLivedemoLogin.open_pki_login_page()"},"keyword":"Then "}]},{"start_timestamp":"2024-10-13T17:09:03.697Z","line":18,"name":"Successful Login scenario test","description":"","id":"login-check-on-livedemo;successful-login-scenario-test;;3","type":"scenario","keyword":"Scenario Outline","steps":[{"result":{"duration":6001194700,"status":"passed"},"line":11,"name":"given both valid credentials","match":{"location":"stepDefinitions.StepDefinitionForLivedemoLogin.given_both_valid_credentials()"},"keyword":"Given "},{"result":{"error_message":"org.openqa.selenium.NoSuchElementException: no such element: Unable to locate element: {\"method\":\"css selector\",\"selector\":\"#generatedCaptcha\"}\n  (Session info: chrome=129.0.6668.90)\nFor documentation on this error, please visit: https://www.selenium.dev/documentation/webdriver/troubleshooting/errors#no-such-element-exception\nBuild info: version: '4.23.1', revision: '656257d8e9'\nSystem info: os.name: 'Windows 10', os.arch: 'amd64', os.version: '10.0', java.version: '19.0.1'\nDriver info: org.openqa.selenium.chrome.ChromeDriver\nCommand: [c992357653ec6db8f71f6c79dddbc9f3, findElement {value=generatedCaptcha, using=id}]\nCapabilities {acceptInsecureCerts: false, browserName: chrome, browserVersion: 129.0.6668.90, chrome: {chromedriverVersion: 129.0.6668.100 (cf58cba358d..., userDataDir: C:\\Users\\LENOVO\\AppData\\Loc...}, fedcm:accounts: true, goog:chromeOptions: {debuggerAddress: localhost:64091}, networkConnectionEnabled: false, pageLoadStrategy: normal, platformName: windows, proxy: Proxy(), se:cdp: ws://localhost:64091/devtoo..., se:cdpVersion: 129.0.6668.90, setWindowRect: true, strictFileInteractability: false, timeouts: {implicit: 0, pageLoad: 300000, script: 30000}, unhandledPromptBehavior: dismiss and notify, webauthn:extension:credBlob: true, webauthn:extension:largeBlob: true, webauthn:extension:minPinLength: true, webauthn:extension:prf: true, webauthn:virtualAuthenticators: true}\nSession ID: c992357653ec6db8f71f6c79dddbc9f3\r\n\tat java.base/jdk.internal.reflect.DirectConstructorHandleAccessor.newInstance(DirectConstructorHandleAccessor.java:67)\r\n\tat java.base/java.lang.reflect.Constructor.newInstanceWithCaller(Constructor.java:500)\r\n\tat java.base/java.lang.reflect.Constructor.newInstance(Constructor.java:484)\r\n\tat org.openqa.selenium.remote.ErrorCodec.decode(ErrorCodec.java:167)\r\n\tat org.openqa.selenium.remote.codec.w3c.W3CHttpResponseCodec.decode(W3CHttpResponseCodec.java:138)\r\n\tat org.openqa.selenium.remote.codec.w3c.W3CHttpResponseCodec.decode(W3CHttpResponseCodec.java:50)\r\n\tat org.openqa.selenium.remote.HttpCommandExecutor.execute(HttpCommandExecutor.java:190)\r\n\tat org.openqa.selenium.remote.service.DriverCommandExecutor.invokeExecute(DriverCommandExecutor.java:216)\r\n\tat org.openqa.selenium.remote.service.DriverCommandExecutor.execute(DriverCommandExecutor.java:174)\r\n\tat org.openqa.selenium.remote.RemoteWebDriver.execute(RemoteWebDriver.java:545)\r\n\tat org.openqa.selenium.remote.ElementLocation$ElementFinder$2.findElement(ElementLocation.java:165)\r\n\tat org.openqa.selenium.remote.ElementLocation.findElement(ElementLocation.java:59)\r\n\tat org.openqa.selenium.remote.RemoteWebDriver.findElement(RemoteWebDriver.java:368)\r\n\tat org.openqa.selenium.remote.RemoteWebDriver.findElement(RemoteWebDriver.java:362)\r\n\tat stepDefinitions.StepDefinitionForLivedemoLogin.enters_username_and_password_and_click_submit_button(StepDefinitionForLivedemoLogin.java:31)\r\n\tat ✽.enters \"DEPTUSER002\" and \"Ashraf@123\" and click Submit button(file:///C:/Users/LENOVO/eclipse-workspace2/Cucumber/src/test/resources/Features/ScenarioOutline1.feature:12)\r\n","duration":21596785000,"status":"failed"},"line":12,"name":"enters \"DEPTUSER002\" and \"Ashraf@123\" and click Submit button","match":{"arguments":[{"val":"DEPTUSER002","offset":8},{"val":"Ashraf@123","offset":26}],"location":"stepDefinitions.StepDefinitionForLivedemoLogin.enters_username_and_password_and_click_submit_button(java.lang.String,java.lang.String)"},"keyword":"When "},{"result":{"duration":997800,"status":"skipped"},"line":13,"name":"Open PKI login page","match":{"location":"stepDefinitions.StepDefinitionForLivedemoLogin.open_pki_login_page()"},"keyword":"Then "}]}],"name":"Login check on Livedemo","description":"","id":"login-check-on-livedemo","keyword":"Feature","uri":"file:src/test/resources/Features/ScenarioOutline1.feature","tags":[]}]